2025-05-01 14:06:10,387 - INFO - Using device: cuda
2025-05-01 14:06:10,388 - INFO - Output directory: C:\Users\erast\Documents\5214\grid_search_results\step20\run_20250501_140610
2025-05-01 14:06:10,388 - INFO - Visualization directory: C:\Users\erast\Documents\5214\grid_search_results\step20\run_20250501_140610\visualizations
2025-05-01 14:06:10,389 - INFO - Saved configuration to C:\Users\erast\Documents\5214\grid_search_results\step20\run_20250501_140610\config.txt
2025-05-01 14:07:16,918 - INFO - Training on 29091 samples
2025-05-01 14:07:16,918 - INFO - Validating on 6233 samples
2025-05-01 14:07:38,952 - INFO - Source shape: torch.Size([64, 1, 256, 256]), Target shape: torch.Size([64, 1, 256, 256])
2025-05-01 14:07:38,996 - INFO - Model created with 1,605,178 parameters (1,605,178 trainable)
2025-05-01 14:48:11,260 - INFO - Epoch 1/25, Train Loss: 0.585135, Val Loss: 0.068752
2025-05-01 14:48:11,261 - INFO -   Train RF Loss: 0.094406, L1 Loss: 0.170102, SSIM Loss: 0.811355, SSIM Value: 0.8114
2025-05-01 14:48:11,261 - INFO -   Val SSIM: 0.3092, Val L1: 0.142844
2025-05-01 14:48:11,298 - INFO - Saved best model to C:\Users\erast\Documents\5214\grid_search_results\step20\run_20250501_140610\best_model.pt
2025-05-01 14:48:40,168 - INFO - Saved checkpoint to C:\Users\erast\Documents\5214\grid_search_results\step20\run_20250501_140610\checkpoint_epoch_1.pt
2025-05-01 15:29:25,733 - INFO - Epoch 2/25, Train Loss: 0.471530, Val Loss: 0.060652
2025-05-01 15:29:25,733 - INFO -   Train RF Loss: 0.054608, L1 Loss: 0.130194, SSIM Loss: 0.703651, SSIM Value: 0.7037
2025-05-01 15:29:25,733 - INFO -   Val SSIM: 0.3046, Val L1: 0.137752
2025-05-01 15:29:25,768 - INFO - Saved best model to C:\Users\erast\Documents\5214\grid_search_results\step20\run_20250501_140610\best_model.pt
2025-05-01 15:29:50,734 - INFO - Saved checkpoint to C:\Users\erast\Documents\5214\grid_search_results\step20\run_20250501_140610\checkpoint_epoch_2.pt
2025-05-01 16:10:47,419 - INFO - Epoch 3/25, Train Loss: 0.393728, Val Loss: 0.026825
2025-05-01 16:10:47,419 - INFO -   Train RF Loss: 0.036111, L1 Loss: 0.110765, SSIM Loss: 0.604469, SSIM Value: 0.6045
2025-05-01 16:10:47,419 - INFO -   Val SSIM: 0.4608, Val L1: 0.097121
2025-05-01 16:10:47,454 - INFO - Saved best model to C:\Users\erast\Documents\5214\grid_search_results\step20\run_20250501_140610\best_model.pt
2025-05-01 16:11:12,273 - INFO - Saved checkpoint to C:\Users\erast\Documents\5214\grid_search_results\step20\run_20250501_140610\checkpoint_epoch_3.pt
2025-05-01 16:51:34,686 - INFO - Epoch 4/25, Train Loss: 0.351243, Val Loss: 0.022870
2025-05-01 16:51:34,687 - INFO -   Train RF Loss: 0.026388, L1 Loss: 0.096858, SSIM Loss: 0.552851, SSIM Value: 0.5529
2025-05-01 16:51:34,687 - INFO -   Val SSIM: 0.4929, Val L1: 0.090665
2025-05-01 16:51:34,722 - INFO - Saved best model to C:\Users\erast\Documents\5214\grid_search_results\step20\run_20250501_140610\best_model.pt
2025-05-01 16:51:59,497 - INFO - Saved checkpoint to C:\Users\erast\Documents\5214\grid_search_results\step20\run_20250501_140610\checkpoint_epoch_4.pt
2025-05-01 17:32:20,372 - INFO - Epoch 5/25, Train Loss: 0.330145, Val Loss: 0.020157
2025-05-01 17:32:20,372 - INFO -   Train RF Loss: 0.021328, L1 Loss: 0.088451, SSIM Loss: 0.529182, SSIM Value: 0.5292
2025-05-01 17:32:20,372 - INFO -   Val SSIM: 0.5118, Val L1: 0.085895
2025-05-01 17:32:20,405 - INFO - Saved best model to C:\Users\erast\Documents\5214\grid_search_results\step20\run_20250501_140610\best_model.pt
2025-05-01 17:32:45,694 - INFO - Saved checkpoint to C:\Users\erast\Documents\5214\grid_search_results\step20\run_20250501_140610\checkpoint_epoch_5.pt
2025-05-01 18:13:06,459 - INFO - Epoch 6/25, Train Loss: 0.309717, Val Loss: 0.016507
2025-05-01 18:13:06,459 - INFO -   Train RF Loss: 0.018176, L1 Loss: 0.082023, SSIM Loss: 0.501060, SSIM Value: 0.5011
2025-05-01 18:13:06,459 - INFO -   Val SSIM: 0.5375, Val L1: 0.077308
2025-05-01 18:13:06,495 - INFO - Saved best model to C:\Users\erast\Documents\5214\grid_search_results\step20\run_20250501_140610\best_model.pt
2025-05-01 18:13:35,346 - INFO - Saved checkpoint to C:\Users\erast\Documents\5214\grid_search_results\step20\run_20250501_140610\checkpoint_epoch_6.pt
2025-05-01 18:53:58,139 - INFO - Epoch 7/25, Train Loss: 0.296278, Val Loss: 0.015748
2025-05-01 18:53:58,140 - INFO -   Train RF Loss: 0.016437, L1 Loss: 0.077621, SSIM Loss: 0.482062, SSIM Value: 0.4821
2025-05-01 18:53:58,140 - INFO -   Val SSIM: 0.5380, Val L1: 0.075235
2025-05-01 18:53:58,174 - INFO - Saved best model to C:\Users\erast\Documents\5214\grid_search_results\step20\run_20250501_140610\best_model.pt
2025-05-01 18:54:23,029 - INFO - Saved checkpoint to C:\Users\erast\Documents\5214\grid_search_results\step20\run_20250501_140610\checkpoint_epoch_7.pt
2025-05-01 19:34:51,660 - INFO - Epoch 8/25, Train Loss: 0.289267, Val Loss: 0.015277
2025-05-01 19:34:51,661 - INFO -   Train RF Loss: 0.015664, L1 Loss: 0.075294, SSIM Loss: 0.471911, SSIM Value: 0.4719
2025-05-01 19:34:51,661 - INFO -   Val SSIM: 0.5528, Val L1: 0.073330
2025-05-01 19:34:51,693 - INFO - Saved best model to C:\Users\erast\Documents\5214\grid_search_results\step20\run_20250501_140610\best_model.pt
2025-05-01 19:35:20,311 - INFO - Saved checkpoint to C:\Users\erast\Documents\5214\grid_search_results\step20\run_20250501_140610\checkpoint_epoch_8.pt
2025-05-01 20:15:46,736 - INFO - Epoch 9/25, Train Loss: 0.280618, Val Loss: 0.015250
2025-05-01 20:15:46,736 - INFO -   Train RF Loss: 0.014940, L1 Loss: 0.073048, SSIM Loss: 0.458308, SSIM Value: 0.4583
2025-05-01 20:15:46,737 - INFO -   Val SSIM: 0.5564, Val L1: 0.073026
2025-05-01 20:15:46,771 - INFO - Saved best model to C:\Users\erast\Documents\5214\grid_search_results\step20\run_20250501_140610\best_model.pt
2025-05-01 20:16:15,702 - INFO - Saved checkpoint to C:\Users\erast\Documents\5214\grid_search_results\step20\run_20250501_140610\checkpoint_epoch_9.pt
2025-05-01 20:56:36,402 - INFO - Epoch 10/25, Train Loss: 0.275961, Val Loss: 0.014726
2025-05-01 20:56:36,402 - INFO -   Train RF Loss: 0.014384, L1 Loss: 0.071463, SSIM Loss: 0.451691, SSIM Value: 0.4517
2025-05-01 20:56:36,402 - INFO -   Val SSIM: 0.5724, Val L1: 0.072532
2025-05-01 20:56:36,438 - INFO - Saved best model to C:\Users\erast\Documents\5214\grid_search_results\step20\run_20250501_140610\best_model.pt
2025-05-01 20:57:05,304 - INFO - Saved checkpoint to C:\Users\erast\Documents\5214\grid_search_results\step20\run_20250501_140610\checkpoint_epoch_10.pt
2025-05-01 21:37:35,500 - INFO - Epoch 11/25, Train Loss: 0.270640, Val Loss: 0.013348
2025-05-01 21:37:35,500 - INFO -   Train RF Loss: 0.013756, L1 Loss: 0.069643, SSIM Loss: 0.444125, SSIM Value: 0.4441
2025-05-01 21:37:35,500 - INFO -   Val SSIM: 0.5776, Val L1: 0.067971
2025-05-01 21:37:35,533 - INFO - Saved best model to C:\Users\erast\Documents\5214\grid_search_results\step20\run_20250501_140610\best_model.pt
2025-05-01 21:38:04,499 - INFO - Saved checkpoint to C:\Users\erast\Documents\5214\grid_search_results\step20\run_20250501_140610\checkpoint_epoch_11.pt
2025-05-01 22:18:38,375 - INFO - Epoch 12/25, Train Loss: 0.264202, Val Loss: 0.012661
2025-05-01 22:18:38,375 - INFO -   Train RF Loss: 0.013186, L1 Loss: 0.067872, SSIM Loss: 0.434160, SSIM Value: 0.4342
2025-05-01 22:18:38,376 - INFO -   Val SSIM: 0.5873, Val L1: 0.065981
2025-05-01 22:18:38,411 - INFO - Saved best model to C:\Users\erast\Documents\5214\grid_search_results\step20\run_20250501_140610\best_model.pt
2025-05-01 22:19:07,277 - INFO - Saved checkpoint to C:\Users\erast\Documents\5214\grid_search_results\step20\run_20250501_140610\checkpoint_epoch_12.pt
2025-05-01 22:59:37,658 - INFO - Epoch 13/25, Train Loss: 0.260342, Val Loss: 0.012993
2025-05-01 22:59:37,658 - INFO -   Train RF Loss: 0.012826, L1 Loss: 0.066699, SSIM Loss: 0.428333, SSIM Value: 0.4283
2025-05-01 22:59:37,658 - INFO -   Val SSIM: 0.5845, Val L1: 0.066778
2025-05-01 22:59:37,658 - INFO - No improvement for 1 epochs.
2025-05-01 22:59:37,694 - INFO - Saved checkpoint to C:\Users\erast\Documents\5214\grid_search_results\step20\run_20250501_140610\checkpoint_epoch_13.pt
2025-05-01 23:40:10,344 - INFO - Epoch 14/25, Train Loss: 0.257025, Val Loss: 0.012299
2025-05-01 23:40:10,345 - INFO -   Train RF Loss: 0.012485, L1 Loss: 0.065631, SSIM Loss: 0.423449, SSIM Value: 0.4234
2025-05-01 23:40:10,345 - INFO -   Val SSIM: 0.5956, Val L1: 0.064228
2025-05-01 23:40:10,379 - INFO - Saved best model to C:\Users\erast\Documents\5214\grid_search_results\step20\run_20250501_140610\best_model.pt
2025-05-01 23:40:39,259 - INFO - Saved checkpoint to C:\Users\erast\Documents\5214\grid_search_results\step20\run_20250501_140610\checkpoint_epoch_14.pt
2025-05-02 00:21:13,842 - INFO - Epoch 15/25, Train Loss: 0.253596, Val Loss: 0.012659
2025-05-02 00:21:13,842 - INFO -   Train RF Loss: 0.012171, L1 Loss: 0.064600, SSIM Loss: 0.418251, SSIM Value: 0.4183
2025-05-02 00:21:13,842 - INFO -   Val SSIM: 0.5984, Val L1: 0.065877
2025-05-02 00:21:13,843 - INFO - No improvement for 1 epochs.
2025-05-02 00:21:13,877 - INFO - Saved checkpoint to C:\Users\erast\Documents\5214\grid_search_results\step20\run_20250501_140610\checkpoint_epoch_15.pt
2025-05-02 01:01:43,916 - INFO - Epoch 16/25, Train Loss: 0.249846, Val Loss: 0.011485
2025-05-02 01:01:43,916 - INFO -   Train RF Loss: 0.011862, L1 Loss: 0.063615, SSIM Loss: 0.412353, SSIM Value: 0.4124
2025-05-02 01:01:43,916 - INFO -   Val SSIM: 0.6053, Val L1: 0.061897
2025-05-02 01:01:43,949 - INFO - Saved best model to C:\Users\erast\Documents\5214\grid_search_results\step20\run_20250501_140610\best_model.pt
2025-05-02 01:02:12,900 - INFO - Saved checkpoint to C:\Users\erast\Documents\5214\grid_search_results\step20\run_20250501_140610\checkpoint_epoch_16.pt
2025-05-02 01:42:41,004 - INFO - Epoch 17/25, Train Loss: 0.246997, Val Loss: 0.011742
2025-05-02 01:42:41,004 - INFO -   Train RF Loss: 0.011588, L1 Loss: 0.062598, SSIM Loss: 0.408220, SSIM Value: 0.4082
2025-05-02 01:42:41,005 - INFO -   Val SSIM: 0.6101, Val L1: 0.063146
2025-05-02 01:42:41,005 - INFO - No improvement for 1 epochs.
2025-05-02 01:42:41,040 - INFO - Saved checkpoint to C:\Users\erast\Documents\5214\grid_search_results\step20\run_20250501_140610\checkpoint_epoch_17.pt
2025-05-02 02:23:12,089 - INFO - Epoch 18/25, Train Loss: 0.242245, Val Loss: 0.010770
2025-05-02 02:23:12,089 - INFO -   Train RF Loss: 0.011215, L1 Loss: 0.061415, SSIM Loss: 0.400645, SSIM Value: 0.4006
2025-05-02 02:23:12,089 - INFO -   Val SSIM: 0.6115, Val L1: 0.059903
2025-05-02 02:23:12,123 - INFO - Saved best model to C:\Users\erast\Documents\5214\grid_search_results\step20\run_20250501_140610\best_model.pt
2025-05-02 02:23:40,983 - INFO - Saved checkpoint to C:\Users\erast\Documents\5214\grid_search_results\step20\run_20250501_140610\checkpoint_epoch_18.pt
2025-05-02 03:04:08,596 - INFO - Epoch 19/25, Train Loss: 0.241470, Val Loss: 0.011553
2025-05-02 03:04:08,597 - INFO -   Train RF Loss: 0.011116, L1 Loss: 0.061047, SSIM Loss: 0.399662, SSIM Value: 0.3997
2025-05-02 03:04:08,597 - INFO -   Val SSIM: 0.6093, Val L1: 0.061800
2025-05-02 03:04:08,597 - INFO - No improvement for 1 epochs.
2025-05-02 03:04:08,637 - INFO - Saved checkpoint to C:\Users\erast\Documents\5214\grid_search_results\step20\run_20250501_140610\checkpoint_epoch_19.pt
2025-05-02 03:44:40,477 - INFO - Epoch 20/25, Train Loss: 0.238276, Val Loss: 0.010887
2025-05-02 03:44:40,478 - INFO -   Train RF Loss: 0.010850, L1 Loss: 0.060106, SSIM Loss: 0.394747, SSIM Value: 0.3947
2025-05-02 03:44:40,478 - INFO -   Val SSIM: 0.6287, Val L1: 0.059670
2025-05-02 03:44:40,478 - INFO - No improvement for 2 epochs.
2025-05-02 03:44:40,511 - INFO - Saved checkpoint to C:\Users\erast\Documents\5214\grid_search_results\step20\run_20250501_140610\checkpoint_epoch_20.pt
2025-05-02 04:25:16,948 - INFO - Epoch 21/25, Train Loss: 0.237220, Val Loss: 0.010068
2025-05-02 04:25:16,948 - INFO -   Train RF Loss: 0.010698, L1 Loss: 0.059623, SSIM Loss: 0.393421, SSIM Value: 0.3934
2025-05-02 04:25:16,948 - INFO -   Val SSIM: 0.6268, Val L1: 0.057311
2025-05-02 04:25:16,982 - INFO - Saved best model to C:\Users\erast\Documents\5214\grid_search_results\step20\run_20250501_140610\best_model.pt
2025-05-02 04:25:45,968 - INFO - Saved checkpoint to C:\Users\erast\Documents\5214\grid_search_results\step20\run_20250501_140610\checkpoint_epoch_21.pt
2025-05-02 05:06:17,447 - INFO - Epoch 22/25, Train Loss: 0.233391, Val Loss: 0.010440
2025-05-02 05:06:17,448 - INFO -   Train RF Loss: 0.010413, L1 Loss: 0.058587, SSIM Loss: 0.387369, SSIM Value: 0.3874
2025-05-02 05:06:17,448 - INFO -   Val SSIM: 0.6349, Val L1: 0.058207
2025-05-02 05:06:17,448 - INFO - No improvement for 1 epochs.
2025-05-02 05:06:17,482 - INFO - Saved checkpoint to C:\Users\erast\Documents\5214\grid_search_results\step20\run_20250501_140610\checkpoint_epoch_22.pt
2025-05-02 05:46:55,927 - INFO - Epoch 23/25, Train Loss: 0.230255, Val Loss: 0.009998
2025-05-02 05:46:55,927 - INFO -   Train RF Loss: 0.010211, L1 Loss: 0.057805, SSIM Loss: 0.382282, SSIM Value: 0.3823
2025-05-02 05:46:55,928 - INFO -   Val SSIM: 0.6282, Val L1: 0.056672
2025-05-02 05:46:55,963 - INFO - Saved best model to C:\Users\erast\Documents\5214\grid_search_results\step20\run_20250501_140610\best_model.pt
2025-05-02 05:47:24,861 - INFO - Saved checkpoint to C:\Users\erast\Documents\5214\grid_search_results\step20\run_20250501_140610\checkpoint_epoch_23.pt
2025-05-02 06:27:55,409 - INFO - Epoch 24/25, Train Loss: 0.227265, Val Loss: 0.009766
2025-05-02 06:27:55,409 - INFO -   Train RF Loss: 0.010046, L1 Loss: 0.057116, SSIM Loss: 0.377323, SSIM Value: 0.3773
2025-05-02 06:27:55,409 - INFO -   Val SSIM: 0.6324, Val L1: 0.055706
2025-05-02 06:27:55,443 - INFO - Saved best model to C:\Users\erast\Documents\5214\grid_search_results\step20\run_20250501_140610\best_model.pt
2025-05-02 06:28:20,899 - INFO - Saved checkpoint to C:\Users\erast\Documents\5214\grid_search_results\step20\run_20250501_140610\checkpoint_epoch_24.pt
2025-05-02 07:08:54,215 - INFO - Epoch 25/25, Train Loss: 0.224719, Val Loss: 0.010421
2025-05-02 07:08:54,215 - INFO -   Train RF Loss: 0.009867, L1 Loss: 0.056488, SSIM Loss: 0.373216, SSIM Value: 0.3732
2025-05-02 07:08:54,216 - INFO -   Val SSIM: 0.6304, Val L1: 0.057973
2025-05-02 07:08:54,216 - INFO - No improvement for 1 epochs.
2025-05-02 07:08:54,252 - INFO - Saved checkpoint to C:\Users\erast\Documents\5214\grid_search_results\step20\run_20250501_140610\checkpoint_epoch_25.pt
2025-05-02 07:08:54,253 - INFO - Training completed in 1021.25 minutes
2025-05-02 07:08:54,410 - INFO - Saved final model to C:\Users\erast\Documents\5214\grid_search_results\step20\run_20250501_140610\final_model.pt
2025-05-02 07:23:43,444 - INFO - Applying reflow procedure with 1 steps
