2025-04-30 20:05:18,263 - INFO - Using device: cuda
2025-04-30 20:05:18,264 - INFO - Output directory: C:\Users\erast\Documents\5214\grid_search_results\step10\run_20250430_200518
2025-04-30 20:05:18,264 - INFO - Visualization directory: C:\Users\erast\Documents\5214\grid_search_results\step10\run_20250430_200518\visualizations
2025-04-30 20:05:18,265 - INFO - Saved configuration to C:\Users\erast\Documents\5214\grid_search_results\step10\run_20250430_200518\config.txt
2025-04-30 20:06:36,437 - INFO - Training on 29091 samples
2025-04-30 20:06:36,438 - INFO - Validating on 6233 samples
2025-04-30 20:06:59,241 - INFO - Source shape: torch.Size([64, 1, 256, 256]), Target shape: torch.Size([64, 1, 256, 256])
2025-04-30 20:06:59,277 - INFO - Model created with 1,605,178 parameters (1,605,178 trainable)
2025-04-30 20:47:26,250 - INFO - Epoch 1/25, Train Loss: 0.656255, Val Loss: 0.103246
2025-04-30 20:47:26,250 - INFO -   Train RF Loss: 0.119254, L1 Loss: 0.255369, SSIM Loss: 0.818634, SSIM Value: 0.8186
2025-04-30 20:47:26,251 - INFO -   Val SSIM: 0.2661, Val L1: 0.226063
2025-04-30 20:47:26,290 - INFO - Saved best model to C:\Users\erast\Documents\5214\grid_search_results\step10\run_20250430_200518\best_model.pt
2025-04-30 20:47:57,512 - INFO - Saved checkpoint to C:\Users\erast\Documents\5214\grid_search_results\step10\run_20250430_200518\checkpoint_epoch_1.pt
2025-04-30 21:28:29,732 - INFO - Epoch 2/25, Train Loss: 0.550221, Val Loss: 0.081319
2025-04-30 21:28:29,732 - INFO -   Train RF Loss: 0.090301, L1 Loss: 0.207656, SSIM Loss: 0.712184, SSIM Value: 0.7122
2025-04-30 21:28:29,733 - INFO -   Val SSIM: 0.3327, Val L1: 0.192843
2025-04-30 21:28:29,767 - INFO - Saved best model to C:\Users\erast\Documents\5214\grid_search_results\step10\run_20250430_200518\best_model.pt
2025-04-30 21:28:58,473 - INFO - Saved checkpoint to C:\Users\erast\Documents\5214\grid_search_results\step10\run_20250430_200518\checkpoint_epoch_2.pt
2025-04-30 22:09:16,815 - INFO - Epoch 3/25, Train Loss: 0.483322, Val Loss: 0.063740
2025-04-30 22:09:16,816 - INFO -   Train RF Loss: 0.068903, L1 Loss: 0.173345, SSIM Loss: 0.655492, SSIM Value: 0.6555
2025-04-30 22:09:16,816 - INFO -   Val SSIM: 0.3772, Val L1: 0.163111
2025-04-30 22:09:16,851 - INFO - Saved best model to C:\Users\erast\Documents\5214\grid_search_results\step10\run_20250430_200518\best_model.pt
2025-04-30 22:09:45,052 - INFO - Saved checkpoint to C:\Users\erast\Documents\5214\grid_search_results\step10\run_20250430_200518\checkpoint_epoch_3.pt
2025-04-30 22:50:14,334 - INFO - Epoch 4/25, Train Loss: 0.435060, Val Loss: 0.049273
2025-04-30 22:50:14,335 - INFO -   Train RF Loss: 0.053457, L1 Loss: 0.146659, SSIM Loss: 0.616548, SSIM Value: 0.6165
2025-04-30 22:50:14,335 - INFO -   Val SSIM: 0.4074, Val L1: 0.138269
2025-04-30 22:50:14,369 - INFO - Saved best model to C:\Users\erast\Documents\5214\grid_search_results\step10\run_20250430_200518\best_model.pt
2025-04-30 22:50:42,626 - INFO - Saved checkpoint to C:\Users\erast\Documents\5214\grid_search_results\step10\run_20250430_200518\checkpoint_epoch_4.pt
2025-04-30 23:31:04,210 - INFO - Epoch 5/25, Train Loss: 0.399127, Val Loss: 0.035910
2025-04-30 23:31:04,210 - INFO -   Train RF Loss: 0.042019, L1 Loss: 0.126569, SSIM Loss: 0.587647, SSIM Value: 0.5876
2025-04-30 23:31:04,210 - INFO -   Val SSIM: 0.4380, Val L1: 0.115695
2025-04-30 23:31:04,243 - INFO - Saved best model to C:\Users\erast\Documents\5214\grid_search_results\step10\run_20250430_200518\best_model.pt
2025-04-30 23:31:32,408 - INFO - Saved checkpoint to C:\Users\erast\Documents\5214\grid_search_results\step10\run_20250430_200518\checkpoint_epoch_5.pt
2025-05-01 00:11:48,885 - INFO - Epoch 6/25, Train Loss: 0.362517, Val Loss: 0.029042
2025-05-01 00:11:48,885 - INFO -   Train RF Loss: 0.030416, L1 Loss: 0.107773, SSIM Loss: 0.556431, SSIM Value: 0.5564
2025-05-01 00:11:48,885 - INFO -   Val SSIM: 0.4582, Val L1: 0.106835
2025-05-01 00:11:48,920 - INFO - Saved best model to C:\Users\erast\Documents\5214\grid_search_results\step10\run_20250430_200518\best_model.pt
2025-05-01 00:12:17,109 - INFO - Saved checkpoint to C:\Users\erast\Documents\5214\grid_search_results\step10\run_20250430_200518\checkpoint_epoch_6.pt
2025-05-01 00:52:41,364 - INFO - Epoch 7/25, Train Loss: 0.332528, Val Loss: 0.022070
2025-05-01 00:52:41,365 - INFO -   Train RF Loss: 0.023863, L1 Loss: 0.093736, SSIM Loss: 0.523594, SSIM Value: 0.5236
2025-05-01 00:52:41,366 - INFO -   Val SSIM: 0.4928, Val L1: 0.088055
2025-05-01 00:52:41,400 - INFO - Saved best model to C:\Users\erast\Documents\5214\grid_search_results\step10\run_20250430_200518\best_model.pt
2025-05-01 00:53:05,982 - INFO - Saved checkpoint to C:\Users\erast\Documents\5214\grid_search_results\step10\run_20250430_200518\checkpoint_epoch_7.pt
2025-05-01 01:33:24,040 - INFO - Epoch 8/25, Train Loss: 0.313376, Val Loss: 0.019306
2025-05-01 01:33:24,041 - INFO -   Train RF Loss: 0.020386, L1 Loss: 0.085317, SSIM Loss: 0.500662, SSIM Value: 0.5007
2025-05-01 01:33:24,041 - INFO -   Val SSIM: 0.5154, Val L1: 0.083778
2025-05-01 01:33:24,077 - INFO - Saved best model to C:\Users\erast\Documents\5214\grid_search_results\step10\run_20250430_200518\best_model.pt
2025-05-01 01:33:51,906 - INFO - Saved checkpoint to C:\Users\erast\Documents\5214\grid_search_results\step10\run_20250430_200518\checkpoint_epoch_8.pt
2025-05-01 02:14:12,537 - INFO - Epoch 9/25, Train Loss: 0.302229, Val Loss: 0.017636
2025-05-01 02:14:12,537 - INFO -   Train RF Loss: 0.018193, L1 Loss: 0.079879, SSIM Loss: 0.488193, SSIM Value: 0.4882
2025-05-01 02:14:12,537 - INFO -   Val SSIM: 0.5371, Val L1: 0.078117
2025-05-01 02:14:12,572 - INFO - Saved best model to C:\Users\erast\Documents\5214\grid_search_results\step10\run_20250430_200518\best_model.pt
2025-05-01 02:14:40,886 - INFO - Saved checkpoint to C:\Users\erast\Documents\5214\grid_search_results\step10\run_20250430_200518\checkpoint_epoch_9.pt
2025-05-01 02:54:59,219 - INFO - Epoch 10/25, Train Loss: 0.288674, Val Loss: 0.015391
2025-05-01 02:54:59,219 - INFO -   Train RF Loss: 0.016376, L1 Loss: 0.075142, SSIM Loss: 0.469453, SSIM Value: 0.4695
2025-05-01 02:54:59,219 - INFO -   Val SSIM: 0.5504, Val L1: 0.072222
2025-05-01 02:54:59,254 - INFO - Saved best model to C:\Users\erast\Documents\5214\grid_search_results\step10\run_20250430_200518\best_model.pt
2025-05-01 02:55:27,244 - INFO - Saved checkpoint to C:\Users\erast\Documents\5214\grid_search_results\step10\run_20250430_200518\checkpoint_epoch_10.pt
2025-05-01 03:35:54,696 - INFO - Epoch 11/25, Train Loss: 0.282844, Val Loss: 0.014054
2025-05-01 03:35:54,696 - INFO -   Train RF Loss: 0.015211, L1 Loss: 0.072155, SSIM Loss: 0.463112, SSIM Value: 0.4631
2025-05-01 03:35:54,697 - INFO -   Val SSIM: 0.5525, Val L1: 0.068930
2025-05-01 03:35:54,729 - INFO - Saved best model to C:\Users\erast\Documents\5214\grid_search_results\step10\run_20250430_200518\best_model.pt
2025-05-01 03:36:18,864 - INFO - Saved checkpoint to C:\Users\erast\Documents\5214\grid_search_results\step10\run_20250430_200518\checkpoint_epoch_11.pt
2025-05-01 04:16:48,006 - INFO - Epoch 12/25, Train Loss: 0.274007, Val Loss: 0.014217
2025-05-01 04:16:48,006 - INFO -   Train RF Loss: 0.014254, L1 Loss: 0.069335, SSIM Loss: 0.450171, SSIM Value: 0.4502
2025-05-01 04:16:48,006 - INFO -   Val SSIM: 0.5682, Val L1: 0.068953
2025-05-01 04:16:48,007 - INFO - No improvement for 1 epochs.
2025-05-01 04:16:48,041 - INFO - Saved checkpoint to C:\Users\erast\Documents\5214\grid_search_results\step10\run_20250430_200518\checkpoint_epoch_12.pt
2025-05-01 04:57:10,892 - INFO - Epoch 13/25, Train Loss: 0.267236, Val Loss: 0.014725
2025-05-01 04:57:10,892 - INFO -   Train RF Loss: 0.013408, L1 Loss: 0.066961, SSIM Loss: 0.440695, SSIM Value: 0.4407
2025-05-01 04:57:10,892 - INFO -   Val SSIM: 0.5768, Val L1: 0.071018
2025-05-01 04:57:10,893 - INFO - No improvement for 2 epochs.
2025-05-01 04:57:10,927 - INFO - Saved checkpoint to C:\Users\erast\Documents\5214\grid_search_results\step10\run_20250430_200518\checkpoint_epoch_13.pt
2025-05-01 05:37:38,404 - INFO - Epoch 14/25, Train Loss: 0.263910, Val Loss: 0.012310
2025-05-01 05:37:38,404 - INFO -   Train RF Loss: 0.012959, L1 Loss: 0.065633, SSIM Loss: 0.436270, SSIM Value: 0.4363
2025-05-01 05:37:38,405 - INFO -   Val SSIM: 0.5853, Val L1: 0.063385
2025-05-01 05:37:38,442 - INFO - Saved best model to C:\Users\erast\Documents\5214\grid_search_results\step10\run_20250430_200518\best_model.pt
2025-05-01 05:38:06,797 - INFO - Saved checkpoint to C:\Users\erast\Documents\5214\grid_search_results\step10\run_20250430_200518\checkpoint_epoch_14.pt
2025-05-01 06:18:36,469 - INFO - Epoch 15/25, Train Loss: 0.259406, Val Loss: 0.011976
2025-05-01 06:18:36,469 - INFO -   Train RF Loss: 0.012469, L1 Loss: 0.064205, SSIM Loss: 0.429669, SSIM Value: 0.4297
2025-05-01 06:18:36,470 - INFO -   Val SSIM: 0.5847, Val L1: 0.062897
2025-05-01 06:18:36,506 - INFO - Saved best model to C:\Users\erast\Documents\5214\grid_search_results\step10\run_20250430_200518\best_model.pt
2025-05-01 06:19:04,495 - INFO - Saved checkpoint to C:\Users\erast\Documents\5214\grid_search_results\step10\run_20250430_200518\checkpoint_epoch_15.pt
2025-05-01 06:59:27,645 - INFO - Epoch 16/25, Train Loss: 0.255587, Val Loss: 0.011858
2025-05-01 06:59:27,645 - INFO -   Train RF Loss: 0.012072, L1 Loss: 0.062996, SSIM Loss: 0.424033, SSIM Value: 0.4240
2025-05-01 06:59:27,645 - INFO -   Val SSIM: 0.5935, Val L1: 0.062092
2025-05-01 06:59:27,679 - INFO - Saved best model to C:\Users\erast\Documents\5214\grid_search_results\step10\run_20250430_200518\best_model.pt
2025-05-01 06:59:55,960 - INFO - Saved checkpoint to C:\Users\erast\Documents\5214\grid_search_results\step10\run_20250430_200518\checkpoint_epoch_16.pt
2025-05-01 07:40:22,726 - INFO - Epoch 17/25, Train Loss: 0.251063, Val Loss: 0.011601
2025-05-01 07:40:22,727 - INFO -   Train RF Loss: 0.011691, L1 Loss: 0.061803, SSIM Loss: 0.416941, SSIM Value: 0.4169
2025-05-01 07:40:22,728 - INFO -   Val SSIM: 0.6016, Val L1: 0.061006
2025-05-01 07:40:22,760 - INFO - Saved best model to C:\Users\erast\Documents\5214\grid_search_results\step10\run_20250430_200518\best_model.pt
2025-05-01 07:40:46,731 - INFO - Saved checkpoint to C:\Users\erast\Documents\5214\grid_search_results\step10\run_20250430_200518\checkpoint_epoch_17.pt
2025-05-01 08:21:07,018 - INFO - Epoch 18/25, Train Loss: 0.246554, Val Loss: 0.011178
2025-05-01 08:21:07,018 - INFO -   Train RF Loss: 0.011403, L1 Loss: 0.060771, SSIM Loss: 0.409532, SSIM Value: 0.4095
2025-05-01 08:21:07,018 - INFO -   Val SSIM: 0.6057, Val L1: 0.059847
2025-05-01 08:21:07,054 - INFO - Saved best model to C:\Users\erast\Documents\5214\grid_search_results\step10\run_20250430_200518\best_model.pt
2025-05-01 08:21:35,373 - INFO - Saved checkpoint to C:\Users\erast\Documents\5214\grid_search_results\step10\run_20250430_200518\checkpoint_epoch_18.pt
2025-05-01 09:01:53,912 - INFO - Epoch 19/25, Train Loss: 0.245340, Val Loss: 0.011047
2025-05-01 09:01:53,913 - INFO -   Train RF Loss: 0.011187, L1 Loss: 0.060137, SSIM Loss: 0.408169, SSIM Value: 0.4082
2025-05-01 09:01:53,913 - INFO -   Val SSIM: 0.5975, Val L1: 0.059530
2025-05-01 09:01:53,948 - INFO - Saved best model to C:\Users\erast\Documents\5214\grid_search_results\step10\run_20250430_200518\best_model.pt
2025-05-01 09:02:22,135 - INFO - Saved checkpoint to C:\Users\erast\Documents\5214\grid_search_results\step10\run_20250430_200518\checkpoint_epoch_19.pt
2025-05-01 09:42:47,797 - INFO - Epoch 20/25, Train Loss: 0.243427, Val Loss: 0.010719
2025-05-01 09:42:47,798 - INFO -   Train RF Loss: 0.010975, L1 Loss: 0.059568, SSIM Loss: 0.405337, SSIM Value: 0.4053
2025-05-01 09:42:47,798 - INFO -   Val SSIM: 0.6068, Val L1: 0.058683
2025-05-01 09:42:47,833 - INFO - Saved best model to C:\Users\erast\Documents\5214\grid_search_results\step10\run_20250430_200518\best_model.pt
2025-05-01 09:43:16,032 - INFO - Saved checkpoint to C:\Users\erast\Documents\5214\grid_search_results\step10\run_20250430_200518\checkpoint_epoch_20.pt
2025-05-01 10:23:35,862 - INFO - Epoch 21/25, Train Loss: 0.241010, Val Loss: 0.010467
2025-05-01 10:23:35,862 - INFO -   Train RF Loss: 0.010809, L1 Loss: 0.059010, SSIM Loss: 0.401391, SSIM Value: 0.4014
2025-05-01 10:23:35,863 - INFO -   Val SSIM: 0.6169, Val L1: 0.057742
2025-05-01 10:23:35,900 - INFO - Saved best model to C:\Users\erast\Documents\5214\grid_search_results\step10\run_20250430_200518\best_model.pt
2025-05-01 10:24:00,248 - INFO - Saved checkpoint to C:\Users\erast\Documents\5214\grid_search_results\step10\run_20250430_200518\checkpoint_epoch_21.pt
2025-05-01 11:04:23,368 - INFO - Epoch 22/25, Train Loss: 0.238538, Val Loss: 0.010296
2025-05-01 11:04:23,369 - INFO -   Train RF Loss: 0.010672, L1 Loss: 0.058445, SSIM Loss: 0.397286, SSIM Value: 0.3973
2025-05-01 11:04:23,369 - INFO -   Val SSIM: 0.6154, Val L1: 0.057204
2025-05-01 11:04:23,405 - INFO - Saved best model to C:\Users\erast\Documents\5214\grid_search_results\step10\run_20250430_200518\best_model.pt
2025-05-01 11:04:52,425 - INFO - Saved checkpoint to C:\Users\erast\Documents\5214\grid_search_results\step10\run_20250430_200518\checkpoint_epoch_22.pt
2025-05-01 11:45:18,855 - INFO - Epoch 23/25, Train Loss: 0.236369, Val Loss: 0.010574
2025-05-01 11:45:18,856 - INFO -   Train RF Loss: 0.010438, L1 Loss: 0.057813, SSIM Loss: 0.394050, SSIM Value: 0.3941
2025-05-01 11:45:18,856 - INFO -   Val SSIM: 0.6145, Val L1: 0.057841
2025-05-01 11:45:18,856 - INFO - No improvement for 1 epochs.
2025-05-01 11:45:18,893 - INFO - Saved checkpoint to C:\Users\erast\Documents\5214\grid_search_results\step10\run_20250430_200518\checkpoint_epoch_23.pt
2025-05-01 12:25:46,944 - INFO - Epoch 24/25, Train Loss: 0.233873, Val Loss: 0.010462
2025-05-01 12:25:46,945 - INFO -   Train RF Loss: 0.010331, L1 Loss: 0.057362, SSIM Loss: 0.389721, SSIM Value: 0.3897
2025-05-01 12:25:46,945 - INFO -   Val SSIM: 0.6173, Val L1: 0.057644
2025-05-01 12:25:46,945 - INFO - No improvement for 2 epochs.
2025-05-01 12:25:46,979 - INFO - Saved checkpoint to C:\Users\erast\Documents\5214\grid_search_results\step10\run_20250430_200518\checkpoint_epoch_24.pt
2025-05-01 13:06:10,035 - INFO - Epoch 25/25, Train Loss: 0.232326, Val Loss: 0.010129
2025-05-01 13:06:10,035 - INFO -   Train RF Loss: 0.010191, L1 Loss: 0.056924, SSIM Loss: 0.387347, SSIM Value: 0.3873
2025-05-01 13:06:10,035 - INFO -   Val SSIM: 0.6240, Val L1: 0.056552
2025-05-01 13:06:10,070 - INFO - Saved best model to C:\Users\erast\Documents\5214\grid_search_results\step10\run_20250430_200518\best_model.pt
2025-05-01 13:06:34,365 - INFO - Saved checkpoint to C:\Users\erast\Documents\5214\grid_search_results\step10\run_20250430_200518\checkpoint_epoch_25.pt
2025-05-01 13:06:34,366 - INFO - Training completed in 1019.58 minutes
2025-05-01 13:06:34,500 - INFO - Saved final model to C:\Users\erast\Documents\5214\grid_search_results\step10\run_20250430_200518\final_model.pt
2025-05-01 13:21:19,775 - INFO - Applying reflow procedure with 1 steps
2025-05-01 13:22:03,597 - INFO - Reflowed model saved to C:\Users\erast\Documents\5214\grid_search_results\step10\run_20250430_200518\reflowed_model_1.pt
2025-05-01 13:43:45,434 - INFO - Applying reflow procedure with 2 steps
2025-05-01 13:44:18,463 - INFO - Reflowed model saved to C:\Users\erast\Documents\5214\grid_search_results\step10\run_20250430_200518\reflowed_model_2.pt
